<?xml version="1.0" encoding="UTF-8"?>
<testng-results ignored="0" total="1" passed="1" failed="0" skipped="0">
  <reporter-output>
  </reporter-output>
  <suite started-at="2023-11-21T19:37:41 IST" name="Failed suite [OpencartSuite]" finished-at="2023-11-21T19:38:05 IST" duration-ms="24211">
    <groups>
      <group name="Master">
        <method signature="TC_001_AccountRegistrationTest.test_account_Registration()[pri:0, instance:testCases.TC_001_AccountRegistrationTest@75d3a5e0]" name="test_account_Registration" class="testCases.TC_001_AccountRegistrationTest"/>
      </group> <!-- Master -->
      <group name="Regression">
        <method signature="TC_001_AccountRegistrationTest.test_account_Registration()[pri:0, instance:testCases.TC_001_AccountRegistrationTest@75d3a5e0]" name="test_account_Registration" class="testCases.TC_001_AccountRegistrationTest"/>
      </group> <!-- Regression -->
    </groups>
    <test started-at="2023-11-21T19:37:41 IST" name="OpencartTest(failed)" finished-at="2023-11-21T19:38:05 IST" duration-ms="24211">
      <class name="testCases.TC_001_AccountRegistrationTest">
        <test-method is-config="true" signature="setup(java.lang.String)[pri:0, instance:testCases.TC_001_AccountRegistrationTest@75d3a5e0]" started-at="2023-11-21T19:37:42 IST" name="setup" finished-at="2023-11-21T19:37:50 IST" duration-ms="7959" status="PASS">
          <params>
            <param index="0">
              <value>
                <![CDATA[chrome]]>
              </value>
            </param>
          </params>
          <reporter-output>
          </reporter-output>
        </test-method> <!-- setup -->
        <test-method signature="test_account_Registration()[pri:0, instance:testCases.TC_001_AccountRegistrationTest@75d3a5e0]" started-at="2023-11-21T19:37:50 IST" name="test_account_Registration" finished-at="2023-11-21T19:38:05 IST" duration-ms="15165" status="PASS">
          <reporter-output>
          </reporter-output>
        </test-method> <!-- test_account_Registration -->
        <test-method is-config="true" signature="tearDown()[pri:0, instance:testCases.TC_001_AccountRegistrationTest@75d3a5e0]" started-at="2023-11-21T19:38:05 IST" name="tearDown" finished-at="2023-11-21T19:38:05 IST" duration-ms="316" status="PASS">
          <reporter-output>
          </reporter-output>
        </test-method> <!-- tearDown -->
      </class> <!-- testCases.TC_001_AccountRegistrationTest -->
    </test> <!-- OpencartTest(failed) -->
  </suite> <!-- Failed suite [OpencartSuite] -->
</testng-results>
